Processing results/selection_CentralEurope_s0.001_time10000_ind_gt_geolocations.tsv.gz
Processing results/selection_CentralEurope_s0.001_time15000_ind_gt_geolocations.tsv.gz
Processing results/selection_CentralEurope_s0.001_time20000_ind_gt_geolocations.tsv.gz
Processing results/selection_CentralEurope_s0.001_time5000_ind_gt_geolocations.tsv.gz
Processing results/selection_CentralEurope_s0.002_time10000_ind_gt_geolocations.tsv.gz
Processing results/selection_CentralEurope_s0.002_time15000_ind_gt_geolocations.tsv.gz
Processing results/selection_CentralEurope_s0.002_time20000_ind_gt_geolocations.tsv.gz
Processing results/selection_CentralEurope_s0.002_time5000_ind_gt_geolocations.tsv.gz
Processing results/selection_CentralEurope_s0.003_time10000_ind_gt_geolocations.tsv.gz
Processing results/selection_CentralEurope_s0.003_time15000_ind_gt_geolocations.tsv.gz
Processing results/selection_CentralEurope_s0.003_time20000_ind_gt_geolocations.tsv.gz
Processing results/selection_CentralEurope_s0.003_time5000_ind_gt_geolocations.tsv.gz
Processing results/selection_CentralEurope_s0.004_time10000_ind_gt_geolocations.tsv.gz
Processing results/selection_CentralEurope_s0.004_time15000_ind_gt_geolocations.tsv.gz
Processing results/selection_CentralEurope_s0.004_time20000_ind_gt_geolocations.tsv.gz
Processing results/selection_CentralEurope_s0.004_time5000_ind_gt_geolocations.tsv.gz
Processing results/selection_CentralEurope_s0.005_time10000_ind_gt_geolocations.tsv.gz
Processing results/selection_CentralEurope_s0.005_time15000_ind_gt_geolocations.tsv.gz
Processing results/selection_CentralEurope_s0.005_time20000_ind_gt_geolocations.tsv.gz
Processing results/selection_CentralEurope_s0.005_time5000_ind_gt_geolocations.tsv.gz
Processing results/selection_CentralEurope_s0.010_time10000_ind_gt_geolocations.tsv.gz
Processing results/selection_CentralEurope_s0.010_time15000_ind_gt_geolocations.tsv.gz
Processing results/selection_CentralEurope_s0.010_time20000_ind_gt_geolocations.tsv.gz
Processing results/selection_CentralEurope_s0.010_time5000_ind_gt_geolocations.tsv.gz
Processing results/selection_CentralEurope_s0.020_time10000_ind_gt_geolocations.tsv.gz
Processing results/selection_CentralEurope_s0.020_time15000_ind_gt_geolocations.tsv.gz
Processing results/selection_CentralEurope_s0.020_time20000_ind_gt_geolocations.tsv.gz
Processing results/selection_CentralEurope_s0.020_time5000_ind_gt_geolocations.tsv.gz
Processing results/selection_CentralEurope_s0.030_time10000_ind_gt_geolocations.tsv.gz
Processing results/selection_CentralEurope_s0.030_time15000_ind_gt_geolocations.tsv.gz
Processing results/selection_CentralEurope_s0.030_time20000_ind_gt_geolocations.tsv.gz
Processing results/selection_CentralEurope_s0.030_time5000_ind_gt_geolocations.tsv.gz
Processing results/selection_CentralEurope_s0.040_time10000_ind_gt_geolocations.tsv.gz
Processing results/selection_CentralEurope_s0.040_time15000_ind_gt_geolocations.tsv.gz
Processing results/selection_CentralEurope_s0.040_time20000_ind_gt_geolocations.tsv.gz
Processing results/selection_CentralEurope_s0.040_time5000_ind_gt_geolocations.tsv.gz
Processing results/selection_CentralEurope_s0.050_time10000_ind_gt_geolocations.tsv.gz
Processing results/selection_CentralEurope_s0.050_time15000_ind_gt_geolocations.tsv.gz
Processing results/selection_CentralEurope_s0.050_time20000_ind_gt_geolocations.tsv.gz
Processing results/selection_CentralEurope_s0.050_time5000_ind_gt_geolocations.tsv.gz
Processing results/selection_Iberia_s0.001_time10000_ind_gt_geolocations.tsv.gz
Processing results/selection_Iberia_s0.001_time15000_ind_gt_geolocations.tsv.gz
Processing results/selection_Iberia_s0.001_time20000_ind_gt_geolocations.tsv.gz
Processing results/selection_Iberia_s0.001_time5000_ind_gt_geolocations.tsv.gz
Processing results/selection_Iberia_s0.002_time10000_ind_gt_geolocations.tsv.gz
Processing results/selection_Iberia_s0.002_time15000_ind_gt_geolocations.tsv.gz
Processing results/selection_Iberia_s0.002_time20000_ind_gt_geolocations.tsv.gz
Processing results/selection_Iberia_s0.002_time5000_ind_gt_geolocations.tsv.gz
Processing results/selection_Iberia_s0.003_time10000_ind_gt_geolocations.tsv.gz
Processing results/selection_Iberia_s0.003_time15000_ind_gt_geolocations.tsv.gz
Processing results/selection_Iberia_s0.003_time20000_ind_gt_geolocations.tsv.gz
Processing results/selection_Iberia_s0.003_time5000_ind_gt_geolocations.tsv.gz
Processing results/selection_Iberia_s0.004_time10000_ind_gt_geolocations.tsv.gz
Processing results/selection_Iberia_s0.004_time15000_ind_gt_geolocations.tsv.gz
Processing results/selection_Iberia_s0.004_time20000_ind_gt_geolocations.tsv.gz
Processing results/selection_Iberia_s0.004_time5000_ind_gt_geolocations.tsv.gz
Processing results/selection_Iberia_s0.005_time10000_ind_gt_geolocations.tsv.gz
Processing results/selection_Iberia_s0.005_time15000_ind_gt_geolocations.tsv.gz
Processing results/selection_Iberia_s0.005_time20000_ind_gt_geolocations.tsv.gz
Processing results/selection_Iberia_s0.005_time5000_ind_gt_geolocations.tsv.gz
Processing results/selection_Iberia_s0.010_time10000_ind_gt_geolocations.tsv.gz
Processing results/selection_Iberia_s0.010_time15000_ind_gt_geolocations.tsv.gz
Processing results/selection_Iberia_s0.010_time20000_ind_gt_geolocations.tsv.gz
Processing results/selection_Iberia_s0.010_time5000_ind_gt_geolocations.tsv.gz
Processing results/selection_Iberia_s0.020_time10000_ind_gt_geolocations.tsv.gz
Processing results/selection_Iberia_s0.020_time15000_ind_gt_geolocations.tsv.gz
Processing results/selection_Iberia_s0.020_time20000_ind_gt_geolocations.tsv.gz
Processing results/selection_Iberia_s0.020_time5000_ind_gt_geolocations.tsv.gz
Processing results/selection_Iberia_s0.030_time10000_ind_gt_geolocations.tsv.gz
Processing results/selection_Iberia_s0.030_time15000_ind_gt_geolocations.tsv.gz
Processing results/selection_Iberia_s0.030_time20000_ind_gt_geolocations.tsv.gz
Processing results/selection_Iberia_s0.030_time5000_ind_gt_geolocations.tsv.gz
Processing results/selection_Iberia_s0.040_time10000_ind_gt_geolocations.tsv.gz
Processing results/selection_Iberia_s0.040_time15000_ind_gt_geolocations.tsv.gz
Processing results/selection_Iberia_s0.040_time20000_ind_gt_geolocations.tsv.gz
Processing results/selection_Iberia_s0.040_time5000_ind_gt_geolocations.tsv.gz
Processing results/selection_Iberia_s0.050_time10000_ind_gt_geolocations.tsv.gz
Processing results/selection_Iberia_s0.050_time15000_ind_gt_geolocations.tsv.gz
Processing results/selection_Iberia_s0.050_time20000_ind_gt_geolocations.tsv.gz
Processing results/selection_Iberia_s0.050_time5000_ind_gt_geolocations.tsv.gz
Processing results/selection_NearEast_s0.001_time10000_ind_gt_geolocations.tsv.gz
Processing results/selection_NearEast_s0.001_time15000_ind_gt_geolocations.tsv.gz
Processing results/selection_NearEast_s0.001_time20000_ind_gt_geolocations.tsv.gz
Processing results/selection_NearEast_s0.001_time5000_ind_gt_geolocations.tsv.gz
Processing results/selection_NearEast_s0.002_time10000_ind_gt_geolocations.tsv.gz
Processing results/selection_NearEast_s0.002_time15000_ind_gt_geolocations.tsv.gz
Processing results/selection_NearEast_s0.002_time20000_ind_gt_geolocations.tsv.gz
Processing results/selection_NearEast_s0.002_time5000_ind_gt_geolocations.tsv.gz
Processing results/selection_NearEast_s0.003_time10000_ind_gt_geolocations.tsv.gz
Processing results/selection_NearEast_s0.003_time15000_ind_gt_geolocations.tsv.gz
Processing results/selection_NearEast_s0.003_time20000_ind_gt_geolocations.tsv.gz
Processing results/selection_NearEast_s0.003_time5000_ind_gt_geolocations.tsv.gz
Processing results/selection_NearEast_s0.004_time10000_ind_gt_geolocations.tsv.gz
Processing results/selection_NearEast_s0.004_time15000_ind_gt_geolocations.tsv.gz
Processing results/selection_NearEast_s0.004_time20000_ind_gt_geolocations.tsv.gz
Processing results/selection_NearEast_s0.004_time5000_ind_gt_geolocations.tsv.gz
Processing results/selection_NearEast_s0.005_time10000_ind_gt_geolocations.tsv.gz
Processing results/selection_NearEast_s0.005_time15000_ind_gt_geolocations.tsv.gz
Processing results/selection_NearEast_s0.005_time20000_ind_gt_geolocations.tsv.gz
Processing results/selection_NearEast_s0.005_time5000_ind_gt_geolocations.tsv.gz
Processing results/selection_NearEast_s0.010_time10000_ind_gt_geolocations.tsv.gz
Processing results/selection_NearEast_s0.010_time15000_ind_gt_geolocations.tsv.gz
Processing results/selection_NearEast_s0.010_time20000_ind_gt_geolocations.tsv.gz
Processing results/selection_NearEast_s0.010_time5000_ind_gt_geolocations.tsv.gz
Processing results/selection_NearEast_s0.020_time10000_ind_gt_geolocations.tsv.gz
Processing results/selection_NearEast_s0.020_time15000_ind_gt_geolocations.tsv.gz
Processing results/selection_NearEast_s0.020_time20000_ind_gt_geolocations.tsv.gz
Processing results/selection_NearEast_s0.020_time5000_ind_gt_geolocations.tsv.gz
Processing results/selection_NearEast_s0.030_time10000_ind_gt_geolocations.tsv.gz
Processing results/selection_NearEast_s0.030_time15000_ind_gt_geolocations.tsv.gz
Processing results/selection_NearEast_s0.030_time20000_ind_gt_geolocations.tsv.gz
Processing results/selection_NearEast_s0.030_time5000_ind_gt_geolocations.tsv.gz
Processing results/selection_NearEast_s0.040_time10000_ind_gt_geolocations.tsv.gz
Processing results/selection_NearEast_s0.040_time15000_ind_gt_geolocations.tsv.gz
Processing results/selection_NearEast_s0.040_time20000_ind_gt_geolocations.tsv.gz
Processing results/selection_NearEast_s0.040_time5000_ind_gt_geolocations.tsv.gz
Processing results/selection_NearEast_s0.050_time10000_ind_gt_geolocations.tsv.gz
Processing results/selection_NearEast_s0.050_time15000_ind_gt_geolocations.tsv.gz
Processing results/selection_NearEast_s0.050_time20000_ind_gt_geolocations.tsv.gz
Processing results/selection_NearEast_s0.050_time5000_ind_gt_geolocations.tsv.gz
Processing results/selection_Siberia_s0.001_time10000_ind_gt_geolocations.tsv.gz
Processing results/selection_Siberia_s0.001_time15000_ind_gt_geolocations.tsv.gz
Processing results/selection_Siberia_s0.001_time20000_ind_gt_geolocations.tsv.gz
Processing results/selection_Siberia_s0.001_time5000_ind_gt_geolocations.tsv.gz
Processing results/selection_Siberia_s0.002_time10000_ind_gt_geolocations.tsv.gz
Processing results/selection_Siberia_s0.002_time15000_ind_gt_geolocations.tsv.gz
Processing results/selection_Siberia_s0.002_time20000_ind_gt_geolocations.tsv.gz
Processing results/selection_Siberia_s0.002_time5000_ind_gt_geolocations.tsv.gz
Processing results/selection_Siberia_s0.003_time10000_ind_gt_geolocations.tsv.gz
Processing results/selection_Siberia_s0.003_time15000_ind_gt_geolocations.tsv.gz
Processing results/selection_Siberia_s0.003_time20000_ind_gt_geolocations.tsv.gz
Processing results/selection_Siberia_s0.003_time5000_ind_gt_geolocations.tsv.gz
Processing results/selection_Siberia_s0.004_time10000_ind_gt_geolocations.tsv.gz
Processing results/selection_Siberia_s0.004_time15000_ind_gt_geolocations.tsv.gz
Processing results/selection_Siberia_s0.004_time20000_ind_gt_geolocations.tsv.gz
Processing results/selection_Siberia_s0.004_time5000_ind_gt_geolocations.tsv.gz
Processing results/selection_Siberia_s0.005_time10000_ind_gt_geolocations.tsv.gz
Processing results/selection_Siberia_s0.005_time15000_ind_gt_geolocations.tsv.gz
Processing results/selection_Siberia_s0.005_time20000_ind_gt_geolocations.tsv.gz
Processing results/selection_Siberia_s0.005_time5000_ind_gt_geolocations.tsv.gz
Processing results/selection_Siberia_s0.010_time10000_ind_gt_geolocations.tsv.gz
Processing results/selection_Siberia_s0.010_time15000_ind_gt_geolocations.tsv.gz
Processing results/selection_Siberia_s0.010_time20000_ind_gt_geolocations.tsv.gz
Processing results/selection_Siberia_s0.010_time5000_ind_gt_geolocations.tsv.gz
Processing results/selection_Siberia_s0.020_time10000_ind_gt_geolocations.tsv.gz
Processing results/selection_Siberia_s0.020_time15000_ind_gt_geolocations.tsv.gz
Processing results/selection_Siberia_s0.020_time20000_ind_gt_geolocations.tsv.gz
Processing results/selection_Siberia_s0.020_time5000_ind_gt_geolocations.tsv.gz
Processing results/selection_Siberia_s0.030_time10000_ind_gt_geolocations.tsv.gz
Processing results/selection_Siberia_s0.030_time15000_ind_gt_geolocations.tsv.gz
Processing results/selection_Siberia_s0.030_time20000_ind_gt_geolocations.tsv.gz
Processing results/selection_Siberia_s0.030_time5000_ind_gt_geolocations.tsv.gz
Processing results/selection_Siberia_s0.040_time10000_ind_gt_geolocations.tsv.gz
Processing results/selection_Siberia_s0.040_time15000_ind_gt_geolocations.tsv.gz
Processing results/selection_Siberia_s0.040_time20000_ind_gt_geolocations.tsv.gz
Processing results/selection_Siberia_s0.040_time5000_ind_gt_geolocations.tsv.gz
Processing results/selection_Siberia_s0.050_time10000_ind_gt_geolocations.tsv.gz
Processing results/selection_Siberia_s0.050_time15000_ind_gt_geolocations.tsv.gz
Processing results/selection_Siberia_s0.050_time20000_ind_gt_geolocations.tsv.gz
Processing results/selection_Siberia_s0.050_time5000_ind_gt_geolocations.tsv.gz
Warning messages:
1: Problem in time slice 5010 in file results/selection_CentralEurope_s0.005_time5000_ind_gt_geolocations.tsv.gz
 
2: Problem in time slice 9990 in file results/selection_Iberia_s0.050_time10000_ind_gt_geolocations.tsv.gz
 
3: Problem in time slice 20010 in file results/selection_NearEast_s0.030_time20000_ind_gt_geolocations.tsv.gz
 
4: Problem in time slice 20010 in file results/selection_NearEast_s0.050_time20000_ind_gt_geolocations.tsv.gz
 
